<?xml version="1.0" encoding="UTF-8"?>
<testng-results ignored="0" total="0" passed="0" failed="0" skipped="0">
  <reporter-output>
  </reporter-output>
  <suite started-at="2021-08-24T21:56:00 IST" name="Suite" finished-at="2021-08-24T21:56:00 IST" duration-ms="22">
    <groups>
    </groups>
    <test started-at="2021-08-24T21:56:00 IST" name="Test-runner2" finished-at="2021-08-24T21:56:00 IST" duration-ms="22">
    </test> <!-- Test-runner2 -->
    <test started-at="2021-08-24T21:56:00 IST" name="Test-runner1" finished-at="2021-08-24T21:56:00 IST" duration-ms="21">
    </test> <!-- Test-runner1 -->
  </suite> <!-- Suite -->
</testng-results>
